{"/home/caioa/Área de Trabalho/projetos/to-do-list/api/src/app.ts": {"path":"/home/caioa/Área de Trabalho/projetos/to-do-list/api/src/app.ts","statementMap":{"0":{"start":{"line":1,"column":0},"end":{"line":1,"column":30}},"1":{"start":{"line":2,"column":0},"end":{"line":2,"column":37}},"2":{"start":{"line":3,"column":0},"end":{"line":3,"column":24}},"3":{"start":{"line":5,"column":12},"end":{"line":5,"column":21}},"4":{"start":{"line":7,"column":0},"end":{"line":7,"column":16}},"5":{"start":{"line":8,"column":0},"end":{"line":8,"column":48}},"6":{"start":{"line":9,"column":0},"end":{"line":9,"column":24}},"7":{"start":{"line":10,"column":0},"end":{"line":10,"column":16}},"8":{"start":{"line":12,"column":0},"end":{"line":12,"column":19}}},"fnMap":{},"branchMap":{},"s":{"0":1,"1":1,"2":1,"3":1,"4":1,"5":1,"6":1,"7":1,"8":1},"f":{},"b":{}}
,"/home/caioa/Área de Trabalho/projetos/to-do-list/api/src/config.ts": {"path":"/home/caioa/Área de Trabalho/projetos/to-do-list/api/src/config.ts","statementMap":{"0":{"start":{"line":1,"column":15},"end":{"line":4,"column":null}},"1":{"start":{"line":6,"column":0},"end":{"line":6,"column":22}}},"fnMap":{},"branchMap":{},"s":{"0":1,"1":1},"f":{},"b":{}}
,"/home/caioa/Área de Trabalho/projetos/to-do-list/api/src/controllers/task.controller.ts": {"path":"/home/caioa/Área de Trabalho/projetos/to-do-list/api/src/controllers/task.controller.ts","statementMap":{"0":{"start":{"line":2,"column":0},"end":{"line":2,"column":40}},"1":{"start":{"line":6,"column":4},"end":{"line":18,"column":5}},"2":{"start":{"line":7,"column":46},"end":{"line":7,"column":54}},"3":{"start":{"line":8,"column":19},"end":{"line":8,"column":78}},"4":{"start":{"line":10,"column":6},"end":{"line":10,"column":26}},"5":{"start":{"line":11,"column":6},"end":{"line":11,"column":40}},"6":{"start":{"line":13,"column":6},"end":{"line":13,"column":73}},"7":{"start":{"line":15,"column":6},"end":{"line":17,"column":66}},"8":{"start":{"line":22,"column":18},"end":{"line":22,"column":38}},"9":{"start":{"line":24,"column":4},"end":{"line":24,"column":27}},"10":{"start":{"line":28,"column":19},"end":{"line":28,"column":29}},"11":{"start":{"line":29,"column":17},"end":{"line":29,"column":40}},"12":{"start":{"line":31,"column":4},"end":{"line":31,"column":26}},"13":{"start":{"line":35,"column":4},"end":{"line":54,"column":5}},"14":{"start":{"line":36,"column":21},"end":{"line":36,"column":31}},"15":{"start":{"line":37,"column":68},"end":{"line":37,"column":76}},"16":{"start":{"line":38,"column":19},"end":{"line":44,"column":null}},"17":{"start":{"line":47,"column":6},"end":{"line":47,"column":28}},"18":{"start":{"line":49,"column":6},"end":{"line":49,"column":69}},"19":{"start":{"line":51,"column":6},"end":{"line":53,"column":62}},"20":{"start":{"line":58,"column":4},"end":{"line":69,"column":5}},"21":{"start":{"line":59,"column":21},"end":{"line":59,"column":31}},"22":{"start":{"line":60,"column":19},"end":{"line":60,"column":40}},"23":{"start":{"line":62,"column":6},"end":{"line":62,"column":28}},"24":{"start":{"line":64,"column":6},"end":{"line":64,"column":69}},"25":{"start":{"line":66,"column":6},"end":{"line":68,"column":62}},"26":{"start":{"line":4,"column":0},"end":{"line":4,"column":21}}},"fnMap":{"0":{"name":"(anonymous_8)","decl":{"start":{"line":5,"column":15},"end":{"line":5,"column":21}},"loc":{"start":{"line":5,"column":49},"end":{"line":19,"column":null}}},"1":{"name":"(anonymous_10)","decl":{"start":{"line":21,"column":15},"end":{"line":21,"column":22}},"loc":{"start":{"line":21,"column":50},"end":{"line":25,"column":null}}},"2":{"name":"(anonymous_12)","decl":{"start":{"line":27,"column":15},"end":{"line":27,"column":23}},"loc":{"start":{"line":27,"column":51},"end":{"line":32,"column":null}}},"3":{"name":"(anonymous_14)","decl":{"start":{"line":34,"column":15},"end":{"line":34,"column":21}},"loc":{"start":{"line":34,"column":49},"end":{"line":55,"column":null}}},"4":{"name":"(anonymous_16)","decl":{"start":{"line":57,"column":15},"end":{"line":57,"column":21}},"loc":{"start":{"line":57,"column":49},"end":{"line":70,"column":null}}}},"branchMap":{},"s":{"0":1,"1":0,"2":0,"3":0,"4":0,"5":0,"6":0,"7":0,"8":1,"9":1,"10":2,"11":2,"12":2,"13":0,"14":0,"15":0,"16":0,"17":0,"18":0,"19":0,"20":0,"21":0,"22":0,"23":0,"24":0,"25":0,"26":1},"f":{"0":0,"1":1,"2":2,"3":0,"4":0},"b":{}}
,"/home/caioa/Área de Trabalho/projetos/to-do-list/api/src/models/Task.model.ts": {"path":"/home/caioa/Área de Trabalho/projetos/to-do-list/api/src/models/Task.model.ts","statementMap":{"0":{"start":{"line":1,"column":0},"end":{"line":1,"column":26}},"1":{"start":{"line":2,"column":0},"end":{"line":2,"column":31}},"2":{"start":{"line":5,"column":19},"end":{"line":5,"column":69}},"3":{"start":{"line":20,"column":4},"end":{"line":20,"column":23}},"4":{"start":{"line":21,"column":4},"end":{"line":21,"column":35}},"5":{"start":{"line":22,"column":4},"end":{"line":22,"column":27}},"6":{"start":{"line":23,"column":4},"end":{"line":23,"column":31}},"7":{"start":{"line":24,"column":4},"end":{"line":24,"column":26}},"8":{"start":{"line":25,"column":4},"end":{"line":25,"column":26}},"9":{"start":{"line":26,"column":4},"end":{"line":26,"column":27}},"10":{"start":{"line":30,"column":4},"end":{"line":42,"column":9}},"11":{"start":{"line":41,"column":28},"end":{"line":41,"column":101}},"12":{"start":{"line":44,"column":4},"end":{"line":44,"column":16}},"13":{"start":{"line":48,"column":21},"end":{"line":68,"column":8}},"14":{"start":{"line":50,"column":26},"end":{"line":50,"column":30}},"15":{"start":{"line":52,"column":8},"end":{"line":62,"column":11}},"16":{"start":{"line":53,"column":10},"end":{"line":56,"column":11}},"17":{"start":{"line":54,"column":12},"end":{"line":54,"column":54}},"18":{"start":{"line":55,"column":12},"end":{"line":55,"column":58}},"19":{"start":{"line":58,"column":10},"end":{"line":59,"column":69}},"20":{"start":{"line":59,"column":12},"end":{"line":59,"column":69}},"21":{"start":{"line":61,"column":10},"end":{"line":61,"column":22}},"22":{"start":{"line":65,"column":8},"end":{"line":65,"column":71}},"23":{"start":{"line":67,"column":8},"end":{"line":67,"column":18}},"24":{"start":{"line":70,"column":4},"end":{"line":70,"column":20}},"25":{"start":{"line":74,"column":17},"end":{"line":89,"column":8}},"26":{"start":{"line":76,"column":26},"end":{"line":76,"column":30}},"27":{"start":{"line":78,"column":8},"end":{"line":78,"column":50}},"28":{"start":{"line":79,"column":8},"end":{"line":79,"column":54}},"29":{"start":{"line":81,"column":8},"end":{"line":81,"column":74}},"30":{"start":{"line":81,"column":28},"end":{"line":81,"column":74}},"31":{"start":{"line":83,"column":8},"end":{"line":83,"column":20}},"32":{"start":{"line":86,"column":8},"end":{"line":86,"column":72}},"33":{"start":{"line":88,"column":8},"end":{"line":88,"column":18}},"34":{"start":{"line":91,"column":4},"end":{"line":91,"column":16}},"35":{"start":{"line":102,"column":4},"end":{"line":113,"column":9}},"36":{"start":{"line":112,"column":28},"end":{"line":112,"column":103}},"37":{"start":{"line":115,"column":4},"end":{"line":115,"column":61}},"38":{"start":{"line":119,"column":17},"end":{"line":121,"column":31}},"39":{"start":{"line":121,"column":26},"end":{"line":121,"column":30}},"40":{"start":{"line":123,"column":4},"end":{"line":127,"column":9}},"41":{"start":{"line":126,"column":28},"end":{"line":126,"column":103}},"42":{"start":{"line":129,"column":4},"end":{"line":129,"column":16}},"43":{"start":{"line":4,"column":0},"end":{"line":4,"column":21}},"44":{"start":{"line":138,"column":85},"end":{"line":138,"column":38755}},"45":{"start":{"line":138,"column":89},"end":{"line":138,"column":38744}},"46":{"start":{"line":138,"column":38870},"end":{"line":138,"column":38876}},"47":{"start":{"line":138,"column":38991},"end":{"line":138,"column":38997}},"48":{"start":{"line":138,"column":39116},"end":{"line":138,"column":39122}},"49":{"start":{"line":138,"column":39266},"end":{"line":138,"column":39272}}},"fnMap":{"0":{"name":"(anonymous_8)","decl":{"start":{"line":14,"column":2},"end":{"line":14,"column":null}},"loc":{"start":{"line":18,"column":17},"end":{"line":27,"column":3}}},"1":{"name":"(anonymous_9)","decl":{"start":{"line":29,"column":15},"end":{"line":29,"column":21}},"loc":{"start":{"line":29,"column":21},"end":{"line":45,"column":null}}},"2":{"name":"(anonymous_11)","decl":{"start":{"line":40,"column":12},"end":{"line":40,"column":13}},"loc":{"start":{"line":40,"column":25},"end":{"line":42,"column":7}}},"3":{"name":"(anonymous_12)","decl":{"start":{"line":47,"column":9},"end":{"line":47,"column":15}},"loc":{"start":{"line":47,"column":29},"end":{"line":71,"column":null}}},"4":{"name":"(anonymous_14)","decl":{"start":{"line":50,"column":12},"end":{"line":50,"column":13}},"loc":{"start":{"line":50,"column":26},"end":{"line":50,"column":30}}},"5":{"name":"(anonymous_15)","decl":{"start":{"line":51,"column":12},"end":{"line":51,"column":13}},"loc":{"start":{"line":51,"column":22},"end":{"line":63,"column":7}}},"6":{"name":"(anonymous_16)","decl":{"start":{"line":52,"column":25},"end":{"line":52,"column":26}},"loc":{"start":{"line":52,"column":40},"end":{"line":62,"column":9}}},"7":{"name":"(anonymous_17)","decl":{"start":{"line":64,"column":13},"end":{"line":64,"column":14}},"loc":{"start":{"line":64,"column":23},"end":{"line":68,"column":7}}},"8":{"name":"(anonymous_18)","decl":{"start":{"line":73,"column":9},"end":{"line":73,"column":15}},"loc":{"start":{"line":73,"column":41},"end":{"line":92,"column":null}}},"9":{"name":"(anonymous_20)","decl":{"start":{"line":76,"column":12},"end":{"line":76,"column":13}},"loc":{"start":{"line":76,"column":26},"end":{"line":76,"column":30}}},"10":{"name":"(anonymous_21)","decl":{"start":{"line":77,"column":12},"end":{"line":77,"column":16}},"loc":{"start":{"line":77,"column":19},"end":{"line":84,"column":7}}},"11":{"name":"(anonymous_22)","decl":{"start":{"line":85,"column":13},"end":{"line":85,"column":14}},"loc":{"start":{"line":85,"column":23},"end":{"line":89,"column":7}}},"12":{"name":"(anonymous_23)","decl":{"start":{"line":94,"column":9},"end":{"line":94,"column":15}},"loc":{"start":{"line":100,"column":14},"end":{"line":116,"column":null}}},"13":{"name":"(anonymous_25)","decl":{"start":{"line":111,"column":12},"end":{"line":111,"column":13}},"loc":{"start":{"line":111,"column":25},"end":{"line":113,"column":7}}},"14":{"name":"(anonymous_26)","decl":{"start":{"line":118,"column":9},"end":{"line":118,"column":15}},"loc":{"start":{"line":118,"column":39},"end":{"line":130,"column":null}}},"15":{"name":"(anonymous_28)","decl":{"start":{"line":121,"column":12},"end":{"line":121,"column":13}},"loc":{"start":{"line":121,"column":26},"end":{"line":121,"column":30}}},"16":{"name":"(anonymous_29)","decl":{"start":{"line":125,"column":12},"end":{"line":125,"column":13}},"loc":{"start":{"line":125,"column":25},"end":{"line":127,"column":7}}},"17":{"name":"oo_cm","decl":{"start":{"line":138,"column":77},"end":{"line":138,"column":82}},"loc":{"start":{"line":138,"column":82},"end":{"line":138,"column":38756}}}},"branchMap":{"0":{"loc":{"start":{"line":53,"column":10},"end":{"line":56,"column":11}},"type":"if","locations":[{"start":{"line":53,"column":10},"end":{"line":56,"column":11}}]},"1":{"loc":{"start":{"line":53,"column":14},"end":{"line":53,"column":84}},"type":"binary-expr","locations":[{"start":{"line":53,"column":14},"end":{"line":53,"column":46}},{"start":{"line":53,"column":50},"end":{"line":53,"column":84}}]},"2":{"loc":{"start":{"line":58,"column":10},"end":{"line":59,"column":69}},"type":"if","locations":[{"start":{"line":58,"column":10},"end":{"line":59,"column":69}}]},"3":{"loc":{"start":{"line":81,"column":8},"end":{"line":81,"column":74}},"type":"if","locations":[{"start":{"line":81,"column":8},"end":{"line":81,"column":74}}]},"4":{"loc":{"start":{"line":138,"column":96},"end":{"line":138,"column":38743}},"type":"binary-expr","locations":[{"start":{"line":138,"column":96},"end":{"line":138,"column":133}},{"start":{"line":138,"column":137},"end":{"line":138,"column":38743}}]}},"s":{"0":1,"1":1,"2":0,"3":0,"4":0,"5":0,"6":0,"7":0,"8":0,"9":0,"10":0,"11":0,"12":0,"13":1,"14":1,"15":1,"16":8,"17":8,"18":8,"19":8,"20":8,"21":8,"22":0,"23":0,"24":1,"25":2,"26":2,"27":2,"28":2,"29":2,"30":2,"31":2,"32":0,"33":0,"34":2,"35":0,"36":0,"37":0,"38":0,"39":0,"40":0,"41":0,"42":0,"43":1,"44":0,"45":0,"46":1,"47":1,"48":1,"49":1},"f":{"0":0,"1":0,"2":0,"3":1,"4":1,"5":1,"6":8,"7":0,"8":2,"9":2,"10":2,"11":0,"12":0,"13":0,"14":0,"15":0,"16":0,"17":0},"b":{"0":[8],"1":[8,8],"2":[8],"3":[2],"4":[0,0]}}
,"/home/caioa/Área de Trabalho/projetos/to-do-list/api/src/routes/routes.ts": {"path":"/home/caioa/Área de Trabalho/projetos/to-do-list/api/src/routes/routes.ts","statementMap":{"0":{"start":{"line":1,"column":0},"end":{"line":1,"column":39}},"1":{"start":{"line":2,"column":0},"end":{"line":2,"column":29}},"2":{"start":{"line":4,"column":15},"end":{"line":4,"column":23}},"3":{"start":{"line":6,"column":0},"end":{"line":6,"column":23}},"4":{"start":{"line":8,"column":0},"end":{"line":8,"column":22}}},"fnMap":{},"branchMap":{},"s":{"0":1,"1":1,"2":1,"3":1,"4":1},"f":{},"b":{}}
,"/home/caioa/Área de Trabalho/projetos/to-do-list/api/src/routes/task.routes.ts": {"path":"/home/caioa/Área de Trabalho/projetos/to-do-list/api/src/routes/task.routes.ts","statementMap":{"0":{"start":{"line":1,"column":0},"end":{"line":1,"column":60}},"1":{"start":{"line":2,"column":0},"end":{"line":2,"column":33}},"2":{"start":{"line":4,"column":19},"end":{"line":4,"column":27}},"3":{"start":{"line":5,"column":23},"end":{"line":5,"column":43}},"4":{"start":{"line":7,"column":0},"end":{"line":7,"column":57}},"5":{"start":{"line":8,"column":0},"end":{"line":8,"column":53}},"6":{"start":{"line":9,"column":0},"end":{"line":9,"column":48}},"7":{"start":{"line":10,"column":0},"end":{"line":10,"column":51}},"8":{"start":{"line":11,"column":0},"end":{"line":11,"column":54}},"9":{"start":{"line":13,"column":0},"end":{"line":13,"column":26}}},"fnMap":{},"branchMap":{},"s":{"0":1,"1":1,"2":1,"3":1,"4":1,"5":1,"6":1,"7":1,"8":1,"9":1},"f":{},"b":{}}
}
