TN:
SF:api/src/app.ts
FNF:0
FNH:0
DA:1,1
DA:2,1
DA:3,1
DA:5,1
DA:7,1
DA:8,1
DA:9,1
DA:10,1
DA:12,1
LF:9
LH:9
BRF:0
BRH:0
end_of_record
TN:
SF:api/src/config.ts
FNF:0
FNH:0
DA:1,1
DA:6,1
LF:2
LH:2
BRF:0
BRH:0
end_of_record
TN:
SF:api/src/controllers/task.controller.ts
FN:5,(anonymous_8)
FN:21,(anonymous_10)
FN:27,(anonymous_12)
FN:34,(anonymous_14)
FN:57,(anonymous_16)
FNF:5
FNH:2
FNDA:0,(anonymous_8)
FNDA:1,(anonymous_10)
FNDA:2,(anonymous_12)
FNDA:0,(anonymous_14)
FNDA:0,(anonymous_16)
DA:2,1
DA:4,1
DA:6,0
DA:7,0
DA:8,0
DA:10,0
DA:11,0
DA:13,0
DA:15,0
DA:22,1
DA:24,1
DA:28,2
DA:29,2
DA:31,2
DA:35,0
DA:36,0
DA:37,0
DA:38,0
DA:47,0
DA:49,0
DA:51,0
DA:58,0
DA:59,0
DA:60,0
DA:62,0
DA:64,0
DA:66,0
LF:27
LH:7
BRF:0
BRH:0
end_of_record
TN:
SF:api/src/models/Task.model.ts
FN:14,(anonymous_8)
FN:29,(anonymous_9)
FN:40,(anonymous_11)
FN:47,(anonymous_12)
FN:50,(anonymous_14)
FN:51,(anonymous_15)
FN:52,(anonymous_16)
FN:64,(anonymous_17)
FN:73,(anonymous_18)
FN:76,(anonymous_20)
FN:77,(anonymous_21)
FN:85,(anonymous_22)
FN:94,(anonymous_23)
FN:111,(anonymous_25)
FN:118,(anonymous_26)
FN:121,(anonymous_28)
FN:125,(anonymous_29)
FN:138,oo_cm
FNF:18
FNH:7
FNDA:0,(anonymous_8)
FNDA:0,(anonymous_9)
FNDA:0,(anonymous_11)
FNDA:1,(anonymous_12)
FNDA:1,(anonymous_14)
FNDA:1,(anonymous_15)
FNDA:8,(anonymous_16)
FNDA:0,(anonymous_17)
FNDA:2,(anonymous_18)
FNDA:2,(anonymous_20)
FNDA:2,(anonymous_21)
FNDA:0,(anonymous_22)
FNDA:0,(anonymous_23)
FNDA:0,(anonymous_25)
FNDA:0,(anonymous_26)
FNDA:0,(anonymous_28)
FNDA:0,(anonymous_29)
FNDA:0,oo_cm
DA:1,1
DA:2,1
DA:4,1
DA:5,0
DA:20,0
DA:21,0
DA:22,0
DA:23,0
DA:24,0
DA:25,0
DA:26,0
DA:30,0
DA:41,0
DA:44,0
DA:48,1
DA:50,1
DA:52,1
DA:53,8
DA:54,8
DA:55,8
DA:58,8
DA:59,8
DA:61,8
DA:65,0
DA:67,0
DA:70,1
DA:74,2
DA:76,2
DA:78,2
DA:79,2
DA:81,2
DA:83,2
DA:86,0
DA:88,0
DA:91,2
DA:102,0
DA:112,0
DA:115,0
DA:119,0
DA:121,0
DA:123,0
DA:126,0
DA:129,0
DA:138,1
LF:44
LH:21
BRDA:53,0,0,8
BRDA:53,1,0,8
BRDA:53,1,1,8
BRDA:58,2,0,8
BRDA:81,3,0,2
BRDA:138,4,0,0
BRDA:138,4,1,0
BRF:7
BRH:5
end_of_record
TN:
SF:api/src/routes/routes.ts
FNF:0
FNH:0
DA:1,1
DA:2,1
DA:4,1
DA:6,1
DA:8,1
LF:5
LH:5
BRF:0
BRH:0
end_of_record
TN:
SF:api/src/routes/task.routes.ts
FNF:0
FNH:0
DA:1,1
DA:2,1
DA:4,1
DA:5,1
DA:7,1
DA:8,1
DA:9,1
DA:10,1
DA:11,1
DA:13,1
LF:10
LH:10
BRF:0
BRH:0
end_of_record
